<?xml version='1.0' encoding='UTF-8'?>
<testsuite hostname="784f43a24fb5" name="com.github.sbt.jacoco.ReportSpec" tests="7" errors="0" failures="0" skipped="0" time="0.038" timestamp="2020-10-29T12:16:38">
                     <properties>
[...]
</properties>
                     <testcase classname="com.github.sbt.jacoco.ReportSpec" name="checkCounter should return false if coverage is less than required" time="0.022">
                                                 
                                               </testcase><testcase classname="com.github.sbt.jacoco.ReportSpec" name="checkCounter should return true if coverage is more than required" time="0.001">
                                                 
                                               </testcase><testcase classname="com.github.sbt.jacoco.ReportSpec" name="checkCounter should if coverage is equals to required" time="0.001">
                                                 
                                               </testcase><testcase classname="com.github.sbt.jacoco.ReportSpec" name="checkCounter should return true if required coverage is 0 and ratio is NaN" time="0.001">
                                                 
                                               </testcase><testcase classname="com.github.sbt.jacoco.ReportSpec" name="checkCounter should return true if required coverage is 0 and ratio is 0" time="0.001">
                                                 
                                               </testcase><testcase classname="com.github.sbt.jacoco.ReportSpec" name="checkCoverage should return true if all required coverage metrics are met" time="0.007">
                                                 
                                               </testcase><testcase classname="com.github.sbt.jacoco.ReportSpec" name="checkCoverage should return false if at least one metric is not met" time="0.005">
                                                 
                                               </testcase>
                     <system-out><![CDATA[]]></system-out>
                     <system-err><![CDATA[]]></system-err>
                   </testsuite>